# JRE version: Java(TM) SE Runtime Environment (7.0_79-b15) (build 1.7.0_79-b15)
# Java VM: Java HotSpot(TM) 64-Bit Server VM (24.79-b02 mixed mode windows-amd64 compressed oops)
Heap
 PSYoungGen      total 316928K, used 131813K [0x00000000eaa80000, 0x0000000100000000, 0x0000000100000000)
  eden space 283648K, 46% used [0x00000000eaa80000,0x00000000f2b39440,0x00000000fbf80000)
  from space 33280K, 0% used [0x00000000fdf80000,0x00000000fdf80000,0x0000000100000000)
  to   space 32768K, 0% used [0x00000000fbf80000,0x00000000fbf80000,0x00000000fdf80000)
 ParOldGen       total 119296K, used 56177K [0x00000000c0000000, 0x00000000c7480000, 0x00000000eaa80000)
  object space 119296K, 47% used [0x00000000c0000000,0x00000000c36dc5c8,0x00000000c7480000)
 PSPermGen       total 96256K, used 57753K [0x00000000b0000000, 0x00000000b5e00000, 0x00000000c0000000)
  object space 96256K, 59% used [0x00000000b0000000,0x00000000b38664f8,0x00000000b5e00000)
GC Heap History (10 events):
Event: 1283.339 GC heap before
{Heap before GC invocations=18 (full 4):
 PSYoungGen      total 233472K, used 66583K [0x00000000eaa80000, 0x00000000ff600000, 0x0000000100000000)
  eden space 205312K, 32% used [0x00000000eaa80000,0x00000000eeb85d60,0x00000000f7300000)
  from space 28160K, 0% used [0x00000000f7300000,0x00000000f7300000,0x00000000f8e80000)
  to   space 28160K, 0% used [0x00000000fda80000,0x00000000fda80000,0x00000000ff600000)
 ParOldGen       total 119296K, used 69309K [0x00000000c0000000, 0x00000000c7480000, 0x00000000eaa80000)
  object space 119296K, 58% used [0x00000000c0000000,0x00000000c43af658,0x00000000c7480000)
 PSPermGen       total 100352K, used 57919K [0x00000000b0000000, 0x00000000b6200000, 0x00000000c0000000)
  object space 100352K, 57% used [0x00000000b0000000,0x00000000b388fff8,0x00000000b6200000)
Event: 1283.573 GC heap after
Heap after GC invocations=18 (full 4):
 PSYoungGen      total 272384K, used 3367K [0x00000000eaa80000, 0x00000000fe280000, 0x0000000100000000)
  eden space 264192K, 0% used [0x00000000eaa80000,0x00000000eaa80000,0x00000000fac80000)
  from space 8192K, 41% used [0x00000000fda80000,0x00000000fddc9de0,0x00000000fe280000)
  to   space 27648K, 0% used [0x00000000fac80000,0x00000000fac80000,0x00000000fc780000)
 ParOldGen       total 119296K, used 69317K [0x00000000c0000000, 0x00000000c7480000, 0x00000000eaa80000)
  object space 119296K, 58% used [0x00000000c0000000,0x00000000c43b1658,0x00000000c7480000)
 PSPermGen       total 100352K, used 57919K [0x00000000b0000000, 0x00000000b6200000, 0x00000000c0000000)
  object space 100352K, 57% used [0x00000000b0000000,0x00000000b388fff8,0x00000000b6200000)
}
Event: 1283.573 GC heap before
{Heap before GC invocations=19 (full 5):
 PSYoungGen      total 272384K, used 3367K [0x00000000eaa80000, 0x00000000fe280000, 0x0000000100000000)
  eden space 264192K, 0% used [0x00000000eaa80000,0x00000000eaa80000,0x00000000fac80000)
  from space 8192K, 41% used [0x00000000fda80000,0x00000000fddc9de0,0x00000000fe280000)
  to   space 27648K, 0% used [0x00000000fac80000,0x00000000fac80000,0x00000000fc780000)
 ParOldGen       total 119296K, used 69317K [0x00000000c0000000, 0x00000000c7480000, 0x00000000eaa80000)
  object space 119296K, 58% used [0x00000000c0000000,0x00000000c43b1658,0x00000000c7480000)
 PSPermGen       total 100352K, used 57919K [0x00000000b0000000, 0x00000000b6200000, 0x00000000c0000000)
  object space 100352K, 57% used [0x00000000b0000000,0x00000000b388fff8,0x00000000b6200000)
Event: 1285.842 GC heap after
Heap after GC invocations=19 (full 5):
 PSYoungGen      total 272384K, used 0K [0x00000000eaa80000, 0x00000000fe280000, 0x0000000100000000)
  eden space 264192K, 0% used [0x00000000eaa80000,0x00000000eaa80000,0x00000000fac80000)
  from space 8192K, 0% used [0x00000000fda80000,0x00000000fda80000,0x00000000fe280000)
  to   space 27648K, 0% used [0x00000000fac80000,0x00000000fac80000,0x00000000fc780000)
 ParOldGen       total 119296K, used 47964K [0x00000000c0000000, 0x00000000c7480000, 0x00000000eaa80000)
  object space 119296K, 40% used [0x00000000c0000000,0x00000000c2ed7390,0x00000000c7480000)
 PSPermGen       total 98304K, used 56622K [0x00000000b0000000, 0x00000000b6000000, 0x00000000c0000000)
  object space 98304K, 57% used [0x00000000b0000000,0x00000000b374ba28,0x00000000b6000000)
}
Event: 1843.536 GC heap before
{Heap before GC invocations=20 (full 5):
 PSYoungGen      total 272384K, used 264192K [0x00000000eaa80000, 0x00000000fe280000, 0x0000000100000000)
  eden space 264192K, 100% used [0x00000000eaa80000,0x00000000fac80000,0x00000000fac80000)
  from space 8192K, 0% used [0x00000000fda80000,0x00000000fda80000,0x00000000fe280000)
  to   space 27648K, 0% used [0x00000000fac80000,0x00000000fac80000,0x00000000fc780000)
 ParOldGen       total 119296K, used 47964K [0x00000000c0000000, 0x00000000c7480000, 0x00000000eaa80000)
  object space 119296K, 40% used [0x00000000c0000000,0x00000000c2ed7390,0x00000000c7480000)
 PSPermGen       total 98304K, used 57187K [0x00000000b0000000, 0x00000000b6000000, 0x00000000c0000000)
  object space 98304K, 58% used [0x00000000b0000000,0x00000000b37d8fb0,0x00000000b6000000)
Event: 1843.710 GC heap after
Heap after GC invocations=20 (full 5):
 PSYoungGen      total 291840K, used 27639K [0x00000000eaa80000, 0x0000000100000000, 0x0000000100000000)
  eden space 264192K, 0% used [0x00000000eaa80000,0x00000000eaa80000,0x00000000fac80000)
  from space 27648K, 99% used [0x00000000fac80000,0x00000000fc77dfc0,0x00000000fc780000)
  to   space 33280K, 0% used [0x00000000fdf80000,0x00000000fdf80000,0x0000000100000000)
 ParOldGen       total 119296K, used 50011K [0x00000000c0000000, 0x00000000c7480000, 0x00000000eaa80000)
  object space 119296K, 41% used [0x00000000c0000000,0x00000000c30d6c10,0x00000000c7480000)
 PSPermGen       total 98304K, used 57187K [0x00000000b0000000, 0x00000000b6000000, 0x00000000c0000000)
  object space 98304K, 58% used [0x00000000b0000000,0x00000000b37d8fb0,0x00000000b6000000)
}
Event: 1872.011 GC heap before
{Heap before GC invocations=21 (full 5):
 PSYoungGen      total 291840K, used 89793K [0x00000000eaa80000, 0x0000000100000000, 0x0000000100000000)
  eden space 264192K, 23% used [0x00000000eaa80000,0x00000000ee732670,0x00000000fac80000)
  from space 27648K, 99% used [0x00000000fac80000,0x00000000fc77dfc0,0x00000000fc780000)
  to   space 33280K, 0% used [0x00000000fdf80000,0x00000000fdf80000,0x0000000100000000)
 ParOldGen       total 119296K, used 50011K [0x00000000c0000000, 0x00000000c7480000, 0x00000000eaa80000)
  object space 119296K, 41% used [0x00000000c0000000,0x00000000c30d6c10,0x00000000c7480000)
 PSPermGen       total 98304K, used 57217K [0x00000000b0000000, 0x00000000b6000000, 0x00000000c0000000)
  object space 98304K, 58% used [0x00000000b0000000,0x00000000b37e0450,0x00000000b6000000)
Event: 1872.087 GC heap after
Heap after GC invocations=21 (full 5):
 PSYoungGen      total 316928K, used 1120K [0x00000000eaa80000, 0x0000000100000000, 0x0000000100000000)
  eden space 283648K, 0% used [0x00000000eaa80000,0x00000000eaa80000,0x00000000fbf80000)
  from space 33280K, 3% used [0x00000000fdf80000,0x00000000fe098000,0x0000000100000000)
  to   space 32768K, 0% used [0x00000000fbf80000,0x00000000fbf80000,0x00000000fdf80000)
 ParOldGen       total 119296K, used 70449K [0x00000000c0000000, 0x00000000c7480000, 0x00000000eaa80000)
  object space 119296K, 59% used [0x00000000c0000000,0x00000000c44cc680,0x00000000c7480000)
 PSPermGen       total 98304K, used 57217K [0x00000000b0000000, 0x00000000b6000000, 0x00000000c0000000)
  object space 98304K, 58% used [0x00000000b0000000,0x00000000b37e0450,0x00000000b6000000)
}
Event: 1872.087 GC heap before
{Heap before GC invocations=22 (full 6):
 PSYoungGen      total 316928K, used 1120K [0x00000000eaa80000, 0x0000000100000000, 0x0000000100000000)
  eden space 283648K, 0% used [0x00000000eaa80000,0x00000000eaa80000,0x00000000fbf80000)
  from space 33280K, 3% used [0x00000000fdf80000,0x00000000fe098000,0x0000000100000000)
  to   space 32768K, 0% used [0x00000000fbf80000,0x00000000fbf80000,0x00000000fdf80000)
 ParOldGen       total 119296K, used 70449K [0x00000000c0000000, 0x00000000c7480000, 0x00000000eaa80000)
  object space 119296K, 59% used [0x00000000c0000000,0x00000000c44cc680,0x00000000c7480000)
 PSPermGen       total 98304K, used 57217K [0x00000000b0000000, 0x00000000b6000000, 0x00000000c0000000)
  object space 98304K, 58% used [0x00000000b0000000,0x00000000b37e0450,0x00000000b6000000)
Event: 1874.023 GC heap after
Heap after GC invocations=22 (full 6):
 PSYoungGen      total 316928K, used 0K [0x00000000eaa80000, 0x0000000100000000, 0x0000000100000000)
  eden space 283648K, 0% used [0x00000000eaa80000,0x00000000eaa80000,0x00000000fbf80000)
  from space 33280K, 0% used [0x00000000fdf80000,0x00000000fdf80000,0x0000000100000000)
  to   space 32768K, 0% used [0x00000000fbf80000,0x00000000fbf80000,0x00000000fdf80000)
 ParOldGen       total 119296K, used 56177K [0x00000000c0000000, 0x00000000c7480000, 0x00000000eaa80000)
  object space 119296K, 47% used [0x00000000c0000000,0x00000000c36dc5c8,0x00000000c7480000)
 PSPermGen       total 96256K, used 57215K [0x00000000b0000000, 0x00000000b5e00000, 0x00000000c0000000)
  object space 96256K, 59% used [0x00000000b0000000,0x00000000b37dfc90,0x00000000b5e00000)
}

